Flow report for Lab1_PARTA_Sareen_Venegas
Mon Jan 23 12:29:31 2023
Quartus Prime Version 22.1std.0 Build 915 10/25/2022 SC Lite Edition


---------------------
; Table of Contents ;
---------------------
  1. Legal Notice
  2. Flow Summary
  3. Flow Settings
  4. Flow Non-Default Global Settings
  5. Flow Elapsed Time
  6. Flow OS Summary
  7. Flow Log
  8. Flow Messages
  9. Flow Suppressed Messages



----------------
; Legal Notice ;
----------------
Copyright (C) 2022  Intel Corporation. All rights reserved.
Your use of Intel Corporation's design tools, logic functions 
and other software and tools, and any partner logic 
functions, and any output files from any of the foregoing 
(including device programming or simulation files), and any 
associated documentation or information are expressly subject 
to the terms and conditions of the Intel Program License 
Subscription Agreement, the Intel Quartus Prime License Agreement,
the Intel FPGA IP License Agreement, or other applicable license
agreement, including, without limitation, that your use is for
the sole purpose of programming logic devices manufactured by
Intel and sold by Intel or its authorized distributors.  Please
refer to the applicable agreement for further details, at
https://fpgasoftware.intel.com/eula.



+-------------------------------------------------------------------------------------+
; Flow Summary                                                                        ;
+------------------------------------+------------------------------------------------+
; Flow Status                        ; Successful - Mon Jan 23 12:29:21 2023          ;
; Quartus Prime Version              ; 22.1std.0 Build 915 10/25/2022 SC Lite Edition ;
; Revision Name                      ; Lab1_PARTA_Sareen_Venegas                      ;
; Top-level Entity Name              ; DE10_LITE_Golden_Top                           ;
; Family                             ; MAX 10                                         ;
; Device                             ; 10M50DAF484C6GES                               ;
; Timing Models                      ; Preliminary                                    ;
; Total logic elements               ; 1 / 49,760 ( < 1 % )                           ;
;     Total combinational functions  ; 1 / 49,760 ( < 1 % )                           ;
;     Dedicated logic registers      ; 0 / 49,760 ( 0 % )                             ;
; Total registers                    ; 0                                              ;
; Total pins                         ; 185 / 360 ( 51 % )                             ;
; Total virtual pins                 ; 0                                              ;
; Total memory bits                  ; 0 / 1,677,312 ( 0 % )                          ;
; Embedded Multiplier 9-bit elements ; 0 / 288 ( 0 % )                                ;
; Total PLLs                         ; 0 / 4 ( 0 % )                                  ;
; UFM blocks                         ; 0 / 1 ( 0 % )                                  ;
; ADC blocks                         ; 0 / 2 ( 0 % )                                  ;
+------------------------------------+------------------------------------------------+


+-----------------------------------------------+
; Flow Settings                                 ;
+-------------------+---------------------------+
; Option            ; Setting                   ;
+-------------------+---------------------------+
; Start date & time ; 01/23/2023 12:28:39       ;
; Main task         ; Compilation               ;
; Revision Name     ; Lab1_PARTA_Sareen_Venegas ;
+-------------------+---------------------------+


+----------------------------------------------------------------------------------------------------------------------------------------------+
; Flow Non-Default Global Settings                                                                                                             ;
+-------------------------------------+----------------------------------------+---------------------------+----------------------+------------+
; Assignment Name                     ; Value                                  ; Default Value             ; Entity Name          ; Section Id ;
+-------------------------------------+----------------------------------------+---------------------------+----------------------+------------+
; COMPILER_SIGNATURE_ID               ; 141037561719209.167449851961196        ; --                        ; --                   ; --         ;
; MAX_CORE_JUNCTION_TEMP              ; 85                                     ; --                        ; --                   ; --         ;
; MIN_CORE_JUNCTION_TEMP              ; 0                                      ; --                        ; --                   ; --         ;
; PARTITION_COLOR                     ; -- (Not supported for targeted family) ; --                        ; DE10_LITE_Golden_Top ; Top        ;
; PARTITION_FITTER_PRESERVATION_LEVEL ; -- (Not supported for targeted family) ; --                        ; DE10_LITE_Golden_Top ; Top        ;
; PARTITION_NETLIST_TYPE              ; -- (Not supported for targeted family) ; --                        ; DE10_LITE_Golden_Top ; Top        ;
; POWER_BOARD_THERMAL_MODEL           ; None (CONSERVATIVE)                    ; --                        ; --                   ; --         ;
; POWER_PRESET_COOLING_SOLUTION       ; 23 MM HEAT SINK WITH 200 LFPM AIRFLOW  ; --                        ; --                   ; --         ;
; PROJECT_OUTPUT_DIRECTORY            ; output_files                           ; --                        ; --                   ; --         ;
; TOP_LEVEL_ENTITY                    ; DE10_LITE_Golden_Top                   ; Lab1_PARTA_Sareen_Venegas ; --                   ; --         ;
+-------------------------------------+----------------------------------------+---------------------------+----------------------+------------+


+--------------------------------------------------------------------------------------------------------------------------+
; Flow Elapsed Time                                                                                                        ;
+----------------------+--------------+-------------------------+---------------------+------------------------------------+
; Module Name          ; Elapsed Time ; Average Processors Used ; Peak Virtual Memory ; Total CPU Time (on all processors) ;
+----------------------+--------------+-------------------------+---------------------+------------------------------------+
; Analysis & Synthesis ; 00:00:12     ; 1.0                     ; 4740 MB             ; 00:00:27                           ;
; Fitter               ; 00:00:19     ; 1.0                     ; 5646 MB             ; 00:00:18                           ;
; Assembler            ; 00:00:06     ; 1.0                     ; 4723 MB             ; 00:00:05                           ;
; Timing Analyzer      ; 00:00:09     ; 1.0                     ; 4829 MB             ; 00:00:08                           ;
; Total                ; 00:00:46     ; --                      ; --                  ; 00:00:58                           ;
+----------------------+--------------+-------------------------+---------------------+------------------------------------+


+------------------------------------------------------------------------------------+
; Flow OS Summary                                                                    ;
+----------------------+------------------+------------+------------+----------------+
; Module Name          ; Machine Hostname ; OS Name    ; OS Version ; Processor type ;
+----------------------+------------------+------------+------------+----------------+
; Analysis & Synthesis ; LAPTOP-GQT004A2  ; Windows 10 ; 10.0       ; x86_64         ;
; Fitter               ; LAPTOP-GQT004A2  ; Windows 10 ; 10.0       ; x86_64         ;
; Assembler            ; LAPTOP-GQT004A2  ; Windows 10 ; 10.0       ; x86_64         ;
; Timing Analyzer      ; LAPTOP-GQT004A2  ; Windows 10 ; 10.0       ; x86_64         ;
+----------------------+------------------+------------+------------+----------------+


------------
; Flow Log ;
------------
quartus_map --read_settings_files=on --write_settings_files=off Lab1_PARTA_Sareen_Venegas -c Lab1_PARTA_Sareen_Venegas
quartus_fit --read_settings_files=off --write_settings_files=off Lab1_PARTA_Sareen_Venegas -c Lab1_PARTA_Sareen_Venegas
quartus_asm --read_settings_files=off --write_settings_files=off Lab1_PARTA_Sareen_Venegas -c Lab1_PARTA_Sareen_Venegas
quartus_sta Lab1_PARTA_Sareen_Venegas -c Lab1_PARTA_Sareen_Venegas



